{
  "stats": {
    "suites": 1,
    "tests": 1,
    "passes": 1,
    "pending": 0,
    "failures": 0,
    "start": "2022-03-14T03:10:04.000Z",
    "end": "2022-03-14T03:10:15.218Z",
    "duration": 11218,
    "testsRegistered": 1,
    "passPercent": 100,
    "pendingPercent": 0,
    "other": 0,
    "hasOther": false,
    "skipped": 0,
    "hasSkipped": false
  },
  "results": [
    {
      "uuid": "6dc1c761-80c9-41ed-ab95-fd4a2bc9ba76",
      "title": "",
      "fullFile": "cypress/integration/CommandLineSuite/FileUpload.spec.js",
      "file": "cypress/integration/CommandLineSuite/FileUpload.spec.js",
      "beforeHooks": [],
      "afterHooks": [],
      "tests": [],
      "suites": [
        {
          "uuid": "c8243b6f-0d18-4eff-9b85-0761442a4384",
          "title": "uploading file",
          "fullFile": "",
          "file": "",
          "beforeHooks": [],
          "afterHooks": [],
          "tests": [
            {
              "title": " drag and drop feature",
              "fullTitle": "uploading file  drag and drop feature",
              "timedOut": null,
              "duration": 4283,
              "state": "passed",
              "speed": "fast",
              "pass": true,
              "fail": false,
              "pending": false,
              "context": null,
              "code": "cy.visit(\"https://the-internet.herokuapp.com/upload\");\ncy.get('div#drag-drop-upload').attachFile(\"gmail.jpg\", {\n  subjectType: 'drag-n-drop'\n});\ncy.get('#drag-drop-upload > .dz-preview > .dz-success-mark').should('exist');",
              "err": {},
              "uuid": "082fd5b0-8b85-4f22-91ea-fef1887d8a48",
              "parentUUID": "c8243b6f-0d18-4eff-9b85-0761442a4384",
              "isHook": false,
              "skipped": false
            }
          ],
          "suites": [],
          "passes": [
            "082fd5b0-8b85-4f22-91ea-fef1887d8a48"
          ],
          "failures": [],
          "pending": [],
          "skipped": [],
          "duration": 4283,
          "root": false,
          "rootEmpty": false,
          "_timeout": 2000
        }
      ],
      "passes": [],
      "failures": [],
      "pending": [],
      "skipped": [],
      "duration": 0,
      "root": true,
      "rootEmpty": true,
      "_timeout": 2000
    }
  ],
  "meta": {
    "mocha": {
      "version": "7.0.1"
    },
    "mochawesome": {
      "options": {
        "quiet": false,
        "reportFilename": "mochawesome",
        "saveHtml": false,
        "saveJson": true,
        "consoleReporter": "spec",
        "useInlineDiffs": false,
        "code": true
      },
      "version": "7.1.2"
    },
    "marge": {
      "options": {
        "reportDir": "cypress\\report\\.jsons",
        "charts": true,
        "reportPageTitle": "AutomationReport",
        "overwrite": false,
        "html": false,
        "json": true
      },
      "version": "6.1.1"
    }
  }
}