{
  "stats": {
    "suites": 1,
    "tests": 1,
    "passes": 1,
    "pending": 0,
    "failures": 0,
    "start": "2022-03-13T05:10:16.874Z",
    "end": "2022-03-13T05:10:17.562Z",
    "duration": 688,
    "testsRegistered": 1,
    "passPercent": 100,
    "pendingPercent": 0,
    "other": 0,
    "hasOther": false,
    "skipped": 0,
    "hasSkipped": false
  },
  "results": [
    {
      "uuid": "18ab9ef4-a83e-47ce-83ff-0264d092bbf3",
      "title": "",
      "fullFile": "cypress/integration/CommandLineSuite/readingfixtures.js",
      "file": "cypress/integration/CommandLineSuite/readingfixtures.js",
      "beforeHooks": [],
      "afterHooks": [],
      "tests": [],
      "suites": [
        {
          "uuid": "614e6f19-aed7-4e1a-9dcd-a1d20f03e251",
          "title": "read a file ",
          "fullFile": "",
          "file": "",
          "beforeHooks": [],
          "afterHooks": [],
          "tests": [
            {
              "title": "first test",
              "fullTitle": "read a file  first test",
              "timedOut": null,
              "duration": 342,
              "state": "passed",
              "speed": "fast",
              "pass": true,
              "fail": false,
              "pending": false,
              "context": null,
              "code": "cy.fixture('example').then(data => {\n  cy.log(data.name);\n});",
              "err": {},
              "uuid": "b21f8ef3-575e-4d65-b8c7-0f64f15809d1",
              "parentUUID": "614e6f19-aed7-4e1a-9dcd-a1d20f03e251",
              "isHook": false,
              "skipped": false
            }
          ],
          "suites": [],
          "passes": [
            "b21f8ef3-575e-4d65-b8c7-0f64f15809d1"
          ],
          "failures": [],
          "pending": [],
          "skipped": [],
          "duration": 342,
          "root": false,
          "rootEmpty": false,
          "_timeout": 2000
        }
      ],
      "passes": [],
      "failures": [],
      "pending": [],
      "skipped": [],
      "duration": 0,
      "root": true,
      "rootEmpty": true,
      "_timeout": 2000
    }
  ],
  "meta": {
    "mocha": {
      "version": "7.0.1"
    },
    "mochawesome": {
      "options": {
        "quiet": false,
        "reportFilename": "mochawesome",
        "saveHtml": false,
        "saveJson": true,
        "consoleReporter": "spec",
        "useInlineDiffs": false,
        "code": true
      },
      "version": "7.1.2"
    },
    "marge": {
      "options": {
        "reportDir": "cypress\\report\\.jsons",
        "charts": true,
        "reportPageTitle": "AutomationReport",
        "overwrite": false,
        "html": false,
        "json": true
      },
      "version": "6.1.1"
    }
  }
}